{"/Users/david/Documents/code/ipfs/_ipfs/js/js-ipfs/src/ipfs-core/index.js":{"path":"/Users/david/Documents/code/ipfs/_ipfs/js/js-ipfs/src/ipfs-core/index.js","s":{"1":1,"2":1,"3":1,"4":1,"5":1,"6":1,"7":0,"8":1,"9":1,"10":0,"11":1,"12":0,"13":1,"14":1,"15":1,"16":1,"17":1,"18":1,"19":1,"20":1,"21":0,"22":1,"23":1,"24":1},"b":{"1":[0,1],"2":[0,1],"3":[0,1],"4":[1,0],"5":[0,1]},"f":{"1":1,"2":0,"3":0,"4":1,"5":0},"fnMap":{"1":{"name":"IPFS","line":10,"loc":{"start":{"line":10,"column":0},"end":{"line":10,"column":17}}},"2":{"name":"(anonymous_2)","line":34,"loc":{"start":{"line":34,"column":14},"end":{"line":34,"column":54}}},"3":{"name":"(anonymous_3)","line":39,"loc":{"start":{"line":39,"column":16},"end":{"line":39,"column":36}}},"4":{"name":"(anonymous_4)","line":43,"loc":{"start":{"line":43,"column":17},"end":{"line":43,"column":43}}},"5":{"name":"(anonymous_5)","line":55,"loc":{"start":{"line":55,"column":12},"end":{"line":55,"column":40}}}},"statementMap":{"1":{"start":{"line":5,"column":0},"end":{"line":5,"column":32}},"2":{"start":{"line":6,"column":0},"end":{"line":6,"column":35}},"3":{"start":{"line":8,"column":0},"end":{"line":8,"column":31}},"4":{"start":{"line":10,"column":0},"end":{"line":56,"column":1}},"5":{"start":{"line":11,"column":2},"end":{"line":11,"column":17}},"6":{"start":{"line":13,"column":2},"end":{"line":15,"column":3}},"7":{"start":{"line":14,"column":4},"end":{"line":14,"column":52}},"8":{"start":{"line":17,"column":2},"end":{"line":19,"column":3}},"9":{"start":{"line":21,"column":2},"end":{"line":23,"column":3}},"10":{"start":{"line":22,"column":4},"end":{"line":22,"column":40}},"11":{"start":{"line":25,"column":2},"end":{"line":27,"column":3}},"12":{"start":{"line":26,"column":4},"end":{"line":26,"column":33}},"13":{"start":{"line":32,"column":2},"end":{"line":32,"column":43}},"14":{"start":{"line":34,"column":2},"end":{"line":37,"column":3}},"15":{"start":{"line":39,"column":2},"end":{"line":41,"column":3}},"16":{"start":{"line":43,"column":2},"end":{"line":53,"column":3}},"17":{"start":{"line":44,"column":4},"end":{"line":47,"column":5}},"18":{"start":{"line":45,"column":6},"end":{"line":45,"column":21}},"19":{"start":{"line":46,"column":6},"end":{"line":46,"column":15}},"20":{"start":{"line":48,"column":4},"end":{"line":50,"column":31}},"21":{"start":{"line":49,"column":6},"end":{"line":49,"column":74}},"22":{"start":{"line":50,"column":13},"end":{"line":50,"column":30}},"23":{"start":{"line":52,"column":4},"end":{"line":52,"column":36}},"24":{"start":{"line":55,"column":2},"end":{"line":55,"column":42}}},"branchMap":{"1":{"line":13,"type":"if","locations":[{"start":{"line":13,"column":2},"end":{"line":13,"column":2}},{"start":{"line":13,"column":2},"end":{"line":13,"column":2}}]},"2":{"line":21,"type":"if","locations":[{"start":{"line":21,"column":2},"end":{"line":21,"column":2}},{"start":{"line":21,"column":2},"end":{"line":21,"column":2}}]},"3":{"line":25,"type":"if","locations":[{"start":{"line":25,"column":2},"end":{"line":25,"column":2}},{"start":{"line":25,"column":2},"end":{"line":25,"column":2}}]},"4":{"line":44,"type":"if","locations":[{"start":{"line":44,"column":4},"end":{"line":44,"column":4}},{"start":{"line":44,"column":4},"end":{"line":44,"column":4}}]},"5":{"line":48,"type":"if","locations":[{"start":{"line":48,"column":4},"end":{"line":48,"column":4}},{"start":{"line":48,"column":4},"end":{"line":48,"column":4}}]}}},"/Users/david/Documents/code/ipfs/_ipfs/js/js-ipfs/src/ipfs-core/config.js":{"path":"/Users/david/Documents/code/ipfs/_ipfs/js/js-ipfs/src/ipfs-core/config.js","s":{"1":1,"2":1,"3":1},"b":{"1":[1,0]},"f":{},"fnMap":{},"statementMap":{"1":{"start":{"line":1,"column":0},"end":{"line":1,"column":22}},"2":{"start":{"line":3,"column":0},"end":{"line":3,"column":24}},"3":{"start":{"line":5,"column":0},"end":{"line":5,"column":67}}},"branchMap":{"1":{"line":5,"type":"binary-expr","locations":[{"start":{"line":5,"column":19},"end":{"line":5,"column":40}},{"start":{"line":5,"column":44},"end":{"line":5,"column":67}}]}}}}