TN:
SF:/Users/david/Documents/code/ipfs/_ipfs/js/js-ipfs/src/ipfs-core/index.js
FN:10,IPFS
FN:34,(anonymous_2)
FN:39,(anonymous_3)
FN:43,(anonymous_4)
FN:55,(anonymous_5)
FNF:5
FNH:2
FNDA:1,IPFS
FNDA:0,(anonymous_2)
FNDA:0,(anonymous_3)
FNDA:1,(anonymous_4)
FNDA:0,(anonymous_5)
DA:5,1
DA:6,1
DA:8,1
DA:10,1
DA:11,1
DA:13,1
DA:14,0
DA:17,1
DA:21,1
DA:22,0
DA:25,1
DA:26,0
DA:32,1
DA:34,1
DA:39,1
DA:43,1
DA:44,1
DA:45,1
DA:46,1
DA:48,1
DA:49,0
DA:50,1
DA:52,1
DA:55,1
LF:24
LH:20
BRDA:13,1,0,0
BRDA:13,1,1,1
BRDA:21,2,0,0
BRDA:21,2,1,1
BRDA:25,3,0,0
BRDA:25,3,1,1
BRDA:44,4,0,1
BRDA:44,4,1,0
BRDA:48,5,0,0
BRDA:48,5,1,1
BRF:10
BRH:5
end_of_record
TN:
SF:/Users/david/Documents/code/ipfs/_ipfs/js/js-ipfs/src/ipfs-core/config.js
FNF:0
FNH:0
DA:1,1
DA:3,1
DA:5,1
LF:3
LH:3
BRDA:5,1,0,1
BRDA:5,1,1,0
BRF:2
BRH:1
end_of_record
